2025-07-05 13:47:06,701 - INFO - My hands are sticky, I need to crawl some data!
2025-07-05 13:47:06,701 - INFO - crawlong on Tinkle
2025-07-05 13:47:11,124 - INFO - Crawled the Tinkle successfully.
2025-07-05 13:47:11,124 - INFO - crawlong on Chacha Chaudhary
2025-07-05 13:47:16,335 - INFO - Crawled the Chacha Chaudhary successfully.
2025-07-05 13:47:16,336 - INFO - crawlong on Nagraj
2025-07-05 13:47:20,118 - INFO - Crawled the Nagraj successfully.
2025-07-05 13:47:20,118 - INFO - crawlong on Super Commando Dhruva
2025-07-05 13:47:25,242 - INFO - Crawled the Super Commando Dhruva successfully.
2025-07-05 13:47:25,242 - INFO - crawlong on Doga
2025-07-05 13:47:28,994 - INFO - Crawled the Doga successfully.
2025-07-05 13:47:28,994 - INFO - crawlong on Bankelal
2025-07-05 13:47:32,601 - INFO - Crawled the Bankelal successfully.
2025-07-05 13:47:32,601 - INFO - crawlong on Parmanu
2025-07-05 13:47:35,889 - INFO - Crawled the Parmanu successfully.
2025-07-05 13:47:35,890 - INFO - crawlong on Bhokal
2025-07-05 13:47:39,070 - INFO - Crawled the Bhokal successfully.
2025-07-05 13:47:39,070 - INFO - crawlong on Billoo
2025-07-05 13:47:42,261 - INFO - Crawled the Billoo successfully.
2025-07-05 13:47:42,261 - INFO - crawlong on Pinki
2025-07-05 13:47:46,463 - INFO - Crawled the Pinki successfully.
2025-07-05 13:47:46,463 - INFO - crawlong on Archie
2025-07-05 13:47:59,137 - INFO - Crawled the Archie successfully.
2025-07-05 13:47:59,137 - INFO - crawlong on Tintin
2025-07-05 13:48:11,864 - INFO - Crawled the Tintin successfully.
2025-07-05 13:48:11,864 - INFO - crawlong on Asterix
2025-07-05 13:48:15,217 - INFO - Crawled the Asterix successfully.
2025-07-05 13:48:15,217 - INFO - crawlong on Batman
2025-07-05 13:48:18,488 - INFO - Crawled the Batman successfully.
2025-07-05 13:48:18,488 - INFO - crawlong on Superman
2025-07-05 13:48:23,936 - INFO - Crawled the Superman successfully.
2025-07-05 13:48:23,936 - INFO - crawlong on Spider-Man
2025-07-05 13:48:28,121 - INFO - Crawled the Spider-Man successfully.
2025-07-05 13:48:28,121 - INFO - crawlong on The Avengers
2025-07-05 13:48:33,757 - INFO - Crawled the The Avengers successfully.
2025-07-05 13:48:33,757 - INFO - crawlong on Iron Man
2025-07-05 13:48:38,916 - INFO - Crawled the Iron Man successfully.
2025-07-05 13:48:38,916 - INFO - crawlong on X-Men
2025-07-05 13:48:43,804 - INFO - Crawled the X-Men successfully.
2025-07-05 13:48:43,804 - INFO - crawlong on Deadpool
2025-07-05 13:48:48,929 - INFO - Crawled the Deadpool successfully.
2025-07-05 13:48:48,930 - INFO - Book crawling completed. Output saved to data/2025-07-05/prices.json
2025-07-05 14:01:13,061 - INFO - My hands are sticky, I need to crawl some data!
2025-07-05 14:01:13,062 - INFO - crawlong on Tinkle
2025-07-05 14:01:20,676 - INFO - Crawled the Tinkle successfully.
2025-07-05 14:01:20,676 - INFO - crawlong on Chacha Chaudhary
2025-07-05 14:01:27,044 - INFO - Crawled the Chacha Chaudhary successfully.
2025-07-05 14:01:27,044 - INFO - crawlong on Nagraj
2025-07-05 14:01:31,205 - INFO - Crawled the Nagraj successfully.
2025-07-05 14:01:31,205 - INFO - crawlong on Super Commando Dhruva
2025-07-05 14:01:36,440 - INFO - Crawled the Super Commando Dhruva successfully.
2025-07-05 14:01:36,441 - INFO - crawlong on Doga
2025-07-05 14:01:41,192 - INFO - Crawled the Doga successfully.
2025-07-05 14:01:41,192 - INFO - crawlong on Bankelal
2025-07-05 14:01:44,421 - INFO - Crawled the Bankelal successfully.
2025-07-05 14:01:44,421 - INFO - crawlong on Parmanu
2025-07-05 14:01:49,504 - INFO - Crawled the Parmanu successfully.
2025-07-05 14:01:49,504 - INFO - crawlong on Bhokal
2025-07-05 14:01:53,055 - INFO - Crawled the Bhokal successfully.
2025-07-05 14:01:53,055 - INFO - crawlong on Billoo
2025-07-05 14:01:57,182 - INFO - Crawled the Billoo successfully.
2025-07-05 14:01:57,182 - INFO - crawlong on Pinki
2025-07-05 14:02:02,223 - INFO - Crawled the Pinki successfully.
2025-07-05 14:02:02,223 - INFO - crawlong on Archie
2025-07-05 14:02:08,116 - INFO - Crawled the Archie successfully.
2025-07-05 14:02:08,116 - INFO - crawlong on Tintin
2025-07-05 14:02:11,905 - INFO - Crawled the Tintin successfully.
2025-07-05 14:02:11,905 - INFO - crawlong on Asterix
2025-07-05 14:02:16,635 - INFO - Crawled the Asterix successfully.
2025-07-05 14:02:16,635 - INFO - crawlong on Batman
2025-07-05 14:02:22,247 - INFO - Crawled the Batman successfully.
2025-07-05 14:02:22,247 - INFO - crawlong on Superman
2025-07-05 14:02:27,574 - INFO - Crawled the Superman successfully.
2025-07-05 14:02:27,575 - INFO - crawlong on Spider-Man
2025-07-05 14:02:31,183 - INFO - Crawled the Spider-Man successfully.
2025-07-05 14:02:31,183 - INFO - crawlong on The Avengers
2025-07-05 14:02:34,853 - INFO - Crawled the The Avengers successfully.
2025-07-05 14:02:34,854 - INFO - crawlong on Iron Man
2025-07-05 14:02:39,384 - INFO - Crawled the Iron Man successfully.
2025-07-05 14:02:39,384 - INFO - crawlong on X-Men
2025-07-05 14:02:44,695 - INFO - Crawled the X-Men successfully.
2025-07-05 14:02:44,695 - INFO - crawlong on Deadpool
2025-07-05 14:02:48,985 - INFO - Crawled the Deadpool successfully.
2025-07-05 14:02:48,987 - INFO - Book crawling completed. Output saved to data/2025-07-05/prices.json
2025-07-05 14:09:51,081 - INFO - My hands are sticky, I need to crawl some data!
2025-07-05 14:09:51,082 - INFO - crawlong on Tinkle
2025-07-05 14:09:54,812 - INFO - Crawled the Tinkle successfully.
2025-07-05 14:09:54,812 - INFO - crawlong on Chacha Chaudhary
2025-07-05 14:09:58,376 - INFO - Crawled the Chacha Chaudhary successfully.
2025-07-05 14:09:58,376 - INFO - crawlong on Nagraj
2025-07-05 14:10:01,972 - INFO - Crawled the Nagraj successfully.
2025-07-05 14:10:01,972 - INFO - crawlong on Super Commando Dhruva
2025-07-05 14:10:06,823 - INFO - Crawled the Super Commando Dhruva successfully.
2025-07-05 14:10:06,823 - INFO - crawlong on Doga
2025-07-05 14:10:10,217 - INFO - Crawled the Doga successfully.
2025-07-05 14:10:10,217 - INFO - crawlong on Bankelal
2025-07-05 14:10:14,162 - INFO - Crawled the Bankelal successfully.
2025-07-05 14:10:14,162 - INFO - crawlong on Parmanu
2025-07-05 14:10:17,687 - INFO - Crawled the Parmanu successfully.
2025-07-05 14:10:17,687 - INFO - crawlong on Bhokal
2025-07-05 14:10:20,747 - INFO - Crawled the Bhokal successfully.
2025-07-05 14:10:20,747 - INFO - crawlong on Billoo
2025-07-05 14:10:24,665 - INFO - Crawled the Billoo successfully.
2025-07-05 14:10:24,665 - INFO - crawlong on Pinki
2025-07-05 14:10:29,368 - INFO - Crawled the Pinki successfully.
2025-07-05 14:10:29,368 - INFO - crawlong on Archie
2025-07-05 14:10:32,636 - INFO - Crawled the Archie successfully.
2025-07-05 14:10:32,636 - INFO - crawlong on Tintin
2025-07-05 14:10:35,996 - INFO - Crawled the Tintin successfully.
2025-07-05 14:10:35,996 - INFO - crawlong on Asterix
2025-07-05 14:10:39,698 - INFO - Crawled the Asterix successfully.
2025-07-05 14:10:39,698 - INFO - crawlong on Batman
2025-07-05 14:10:44,688 - INFO - Crawled the Batman successfully.
2025-07-05 14:10:44,689 - INFO - crawlong on Superman
2025-07-05 14:10:48,369 - INFO - Crawled the Superman successfully.
2025-07-05 14:10:48,370 - INFO - crawlong on Spider-Man
2025-07-05 14:10:54,553 - INFO - Crawled the Spider-Man successfully.
2025-07-05 14:10:54,553 - INFO - crawlong on The Avengers
2025-07-05 14:10:58,762 - INFO - Crawled the The Avengers successfully.
2025-07-05 14:10:58,763 - INFO - crawlong on Iron Man
2025-07-05 14:11:02,469 - INFO - Crawled the Iron Man successfully.
2025-07-05 14:11:02,469 - INFO - crawlong on X-Men
2025-07-05 14:11:07,276 - INFO - Crawled the X-Men successfully.
2025-07-05 14:11:07,277 - INFO - crawlong on Deadpool
2025-07-05 14:11:10,860 - INFO - Crawled the Deadpool successfully.
2025-07-05 14:11:10,862 - INFO - Book crawling completed. Output saved to data/2025-07-05/prices.json
